I, [2016-07-20T00:31:25.064285 #7]  INFO -- Kitchen: -----> Starting Kitchen (v1.3.1)
I, [2016-07-20T00:31:25.209704 #7]  INFO -- Kitchen: -----> Creating <default-riyic>...
E, [2016-07-20T00:31:25.243082 #7] ERROR -- Kitchen: ------Exception-------
E, [2016-07-20T00:31:25.243135 #7] ERROR -- Kitchen: Class: Kitchen::ActionFailed
E, [2016-07-20T00:31:25.243156 #7] ERROR -- Kitchen: Message: Failed to complete #create action: [Expected process to exit with [0], but received '1'
---- Begin output of docker -H tcp://172.17.0.1:4243 build --no-cache - 2>/dev/null ----
STDOUT: 
STDERR: 
---- End output of docker -H tcp://172.17.0.1:4243 build --no-cache - 2>/dev/null ----
Ran docker -H tcp://172.17.0.1:4243 build --no-cache - 2>/dev/null returned 1]
E, [2016-07-20T00:31:25.243228 #7] ERROR -- Kitchen: ---Nested Exception---
E, [2016-07-20T00:31:25.243249 #7] ERROR -- Kitchen: Class: Kitchen::ShellOut::ShellCommandFailed
E, [2016-07-20T00:31:25.243264 #7] ERROR -- Kitchen: Message: Expected process to exit with [0], but received '1'
---- Begin output of docker -H tcp://172.17.0.1:4243 build --no-cache - 2>/dev/null ----
STDOUT: 
STDERR: 
---- End output of docker -H tcp://172.17.0.1:4243 build --no-cache - 2>/dev/null ----
Ran docker -H tcp://172.17.0.1:4243 build --no-cache - 2>/dev/null returned 1
E, [2016-07-20T00:31:25.243280 #7] ERROR -- Kitchen: ------Backtrace-------
E, [2016-07-20T00:31:25.243300 #7] ERROR -- Kitchen: /opt/chef/embedded/lib/ruby/gems/2.1.0/gems/test-kitchen-1.3.1/lib/kitchen/shell_out.rb:69:in `rescue in run_command'
E, [2016-07-20T00:31:25.243315 #7] ERROR -- Kitchen: /opt/chef/embedded/lib/ruby/gems/2.1.0/gems/test-kitchen-1.3.1/lib/kitchen/shell_out.rb:59:in `run_command'
E, [2016-07-20T00:31:25.243330 #7] ERROR -- Kitchen: /opt/chef/embedded/lib/ruby/gems/2.1.0/gems/test-kitchen-1.3.1/lib/kitchen/driver/base.rb:182:in `run_command'
E, [2016-07-20T00:31:25.243422 #7] ERROR -- Kitchen: /opt/chef/embedded/lib/ruby/gems/2.1.0/gems/kitchen-docker-1.6.4/lib/kitchen/driver/docker.rb:138:in `docker_command'
E, [2016-07-20T00:31:25.243489 #7] ERROR -- Kitchen: /opt/chef/embedded/lib/ruby/gems/2.1.0/gems/kitchen-docker-1.6.4/lib/kitchen/driver/docker.rb:221:in `build_image'
E, [2016-07-20T00:31:25.243539 #7] ERROR -- Kitchen: /opt/chef/embedded/lib/ruby/gems/2.1.0/gems/kitchen-docker-1.6.4/lib/kitchen/driver/docker.rb:93:in `create'
E, [2016-07-20T00:31:25.243597 #7] ERROR -- Kitchen: /opt/chef/embedded/lib/ruby/gems/2.1.0/gems/test-kitchen-1.3.1/lib/kitchen/instance.rb:352:in `public_send'
E, [2016-07-20T00:31:25.243652 #7] ERROR -- Kitchen: /opt/chef/embedded/lib/ruby/gems/2.1.0/gems/test-kitchen-1.3.1/lib/kitchen/instance.rb:352:in `block in perform_action'
E, [2016-07-20T00:31:25.243857 #7] ERROR -- Kitchen: /opt/chef/embedded/lib/ruby/gems/2.1.0/gems/test-kitchen-1.3.1/lib/kitchen/instance.rb:416:in `call'
E, [2016-07-20T00:31:25.243922 #7] ERROR -- Kitchen: /opt/chef/embedded/lib/ruby/gems/2.1.0/gems/test-kitchen-1.3.1/lib/kitchen/instance.rb:416:in `synchronize_or_call'
E, [2016-07-20T00:31:25.243973 #7] ERROR -- Kitchen: /opt/chef/embedded/lib/ruby/gems/2.1.0/gems/test-kitchen-1.3.1/lib/kitchen/instance.rb:381:in `block in action'
E, [2016-07-20T00:31:25.244031 #7] ERROR -- Kitchen: /opt/chef/embedded/lib/ruby/2.1.0/benchmark.rb:279:in `measure'
E, [2016-07-20T00:31:25.244088 #7] ERROR -- Kitchen: /opt/chef/embedded/lib/ruby/gems/2.1.0/gems/test-kitchen-1.3.1/lib/kitchen/instance.rb:380:in `action'
E, [2016-07-20T00:31:25.244138 #7] ERROR -- Kitchen: /opt/chef/embedded/lib/ruby/gems/2.1.0/gems/test-kitchen-1.3.1/lib/kitchen/instance.rb:352:in `perform_action'
E, [2016-07-20T00:31:25.244194 #7] ERROR -- Kitchen: /opt/chef/embedded/lib/ruby/gems/2.1.0/gems/test-kitchen-1.3.1/lib/kitchen/instance.rb:303:in `create_action'
E, [2016-07-20T00:31:25.244253 #7] ERROR -- Kitchen: /opt/chef/embedded/lib/ruby/gems/2.1.0/gems/test-kitchen-1.3.1/lib/kitchen/instance.rb:292:in `block in transition_to'
E, [2016-07-20T00:31:25.244301 #7] ERROR -- Kitchen: /opt/chef/embedded/lib/ruby/gems/2.1.0/gems/test-kitchen-1.3.1/lib/kitchen/instance.rb:291:in `each'
E, [2016-07-20T00:31:25.244378 #7] ERROR -- Kitchen: /opt/chef/embedded/lib/ruby/gems/2.1.0/gems/test-kitchen-1.3.1/lib/kitchen/instance.rb:291:in `transition_to'
E, [2016-07-20T00:31:25.244440 #7] ERROR -- Kitchen: /opt/chef/embedded/lib/ruby/gems/2.1.0/gems/test-kitchen-1.3.1/lib/kitchen/instance.rb:130:in `converge'
E, [2016-07-20T00:31:25.244499 #7] ERROR -- Kitchen: /opt/chef/embedded/lib/ruby/gems/2.1.0/gems/test-kitchen-1.3.1/lib/kitchen/command.rb:176:in `public_send'
E, [2016-07-20T00:31:25.244727 #7] ERROR -- Kitchen: /opt/chef/embedded/lib/ruby/gems/2.1.0/gems/test-kitchen-1.3.1/lib/kitchen/command.rb:176:in `block (2 levels) in run_action'
E, [2016-07-20T00:31:25.244783 #7] ERROR -- Kitchen: ----------------------
I, [2016-07-20T00:31:52.430774 #8]  INFO -- Kitchen: -----> Starting Kitchen (v1.3.1)
I, [2016-07-20T00:31:52.476443 #8]  INFO -- Kitchen: -----> Creating <default-riyic>...
E, [2016-07-20T00:31:52.511387 #8] ERROR -- Kitchen: ------Exception-------
E, [2016-07-20T00:31:52.511449 #8] ERROR -- Kitchen: Class: Kitchen::ActionFailed
E, [2016-07-20T00:31:52.511514 #8] ERROR -- Kitchen: Message: Failed to complete #create action: [Expected process to exit with [0], but received '1'
---- Begin output of docker -H tcp://172.17.0.1:4243 build --no-cache - 2>/dev/null ----
STDOUT: 
STDERR: 
---- End output of docker -H tcp://172.17.0.1:4243 build --no-cache - 2>/dev/null ----
Ran docker -H tcp://172.17.0.1:4243 build --no-cache - 2>/dev/null returned 1]
E, [2016-07-20T00:31:52.511560 #8] ERROR -- Kitchen: ---Nested Exception---
E, [2016-07-20T00:31:52.511606 #8] ERROR -- Kitchen: Class: Kitchen::ShellOut::ShellCommandFailed
E, [2016-07-20T00:31:52.511651 #8] ERROR -- Kitchen: Message: Expected process to exit with [0], but received '1'
---- Begin output of docker -H tcp://172.17.0.1:4243 build --no-cache - 2>/dev/null ----
STDOUT: 
STDERR: 
---- End output of docker -H tcp://172.17.0.1:4243 build --no-cache - 2>/dev/null ----
Ran docker -H tcp://172.17.0.1:4243 build --no-cache - 2>/dev/null returned 1
E, [2016-07-20T00:31:52.511694 #8] ERROR -- Kitchen: ------Backtrace-------
E, [2016-07-20T00:31:52.511724 #8] ERROR -- Kitchen: /opt/chef/embedded/lib/ruby/gems/2.1.0/gems/test-kitchen-1.3.1/lib/kitchen/shell_out.rb:69:in `rescue in run_command'
E, [2016-07-20T00:31:52.511762 #8] ERROR -- Kitchen: /opt/chef/embedded/lib/ruby/gems/2.1.0/gems/test-kitchen-1.3.1/lib/kitchen/shell_out.rb:59:in `run_command'
E, [2016-07-20T00:31:52.511794 #8] ERROR -- Kitchen: /opt/chef/embedded/lib/ruby/gems/2.1.0/gems/test-kitchen-1.3.1/lib/kitchen/driver/base.rb:182:in `run_command'
E, [2016-07-20T00:31:52.511825 #8] ERROR -- Kitchen: /opt/chef/embedded/lib/ruby/gems/2.1.0/gems/kitchen-docker-1.6.4/lib/kitchen/driver/docker.rb:138:in `docker_command'
E, [2016-07-20T00:31:52.511860 #8] ERROR -- Kitchen: /opt/chef/embedded/lib/ruby/gems/2.1.0/gems/kitchen-docker-1.6.4/lib/kitchen/driver/docker.rb:221:in `build_image'
E, [2016-07-20T00:31:52.511888 #8] ERROR -- Kitchen: /opt/chef/embedded/lib/ruby/gems/2.1.0/gems/kitchen-docker-1.6.4/lib/kitchen/driver/docker.rb:93:in `create'
E, [2016-07-20T00:31:52.511925 #8] ERROR -- Kitchen: /opt/chef/embedded/lib/ruby/gems/2.1.0/gems/test-kitchen-1.3.1/lib/kitchen/instance.rb:352:in `public_send'
E, [2016-07-20T00:31:52.511955 #8] ERROR -- Kitchen: /opt/chef/embedded/lib/ruby/gems/2.1.0/gems/test-kitchen-1.3.1/lib/kitchen/instance.rb:352:in `block in perform_action'
E, [2016-07-20T00:31:52.511986 #8] ERROR -- Kitchen: /opt/chef/embedded/lib/ruby/gems/2.1.0/gems/test-kitchen-1.3.1/lib/kitchen/instance.rb:416:in `call'
E, [2016-07-20T00:31:52.512021 #8] ERROR -- Kitchen: /opt/chef/embedded/lib/ruby/gems/2.1.0/gems/test-kitchen-1.3.1/lib/kitchen/instance.rb:416:in `synchronize_or_call'
E, [2016-07-20T00:31:52.512049 #8] ERROR -- Kitchen: /opt/chef/embedded/lib/ruby/gems/2.1.0/gems/test-kitchen-1.3.1/lib/kitchen/instance.rb:381:in `block in action'
E, [2016-07-20T00:31:52.512086 #8] ERROR -- Kitchen: /opt/chef/embedded/lib/ruby/2.1.0/benchmark.rb:279:in `measure'
E, [2016-07-20T00:31:52.512125 #8] ERROR -- Kitchen: /opt/chef/embedded/lib/ruby/gems/2.1.0/gems/test-kitchen-1.3.1/lib/kitchen/instance.rb:380:in `action'
E, [2016-07-20T00:31:52.512217 #8] ERROR -- Kitchen: /opt/chef/embedded/lib/ruby/gems/2.1.0/gems/test-kitchen-1.3.1/lib/kitchen/instance.rb:352:in `perform_action'
E, [2016-07-20T00:31:52.512254 #8] ERROR -- Kitchen: /opt/chef/embedded/lib/ruby/gems/2.1.0/gems/test-kitchen-1.3.1/lib/kitchen/instance.rb:303:in `create_action'
E, [2016-07-20T00:31:52.512282 #8] ERROR -- Kitchen: /opt/chef/embedded/lib/ruby/gems/2.1.0/gems/test-kitchen-1.3.1/lib/kitchen/instance.rb:292:in `block in transition_to'
E, [2016-07-20T00:31:52.512316 #8] ERROR -- Kitchen: /opt/chef/embedded/lib/ruby/gems/2.1.0/gems/test-kitchen-1.3.1/lib/kitchen/instance.rb:291:in `each'
E, [2016-07-20T00:31:52.512345 #8] ERROR -- Kitchen: /opt/chef/embedded/lib/ruby/gems/2.1.0/gems/test-kitchen-1.3.1/lib/kitchen/instance.rb:291:in `transition_to'
E, [2016-07-20T00:31:52.512372 #8] ERROR -- Kitchen: /opt/chef/embedded/lib/ruby/gems/2.1.0/gems/test-kitchen-1.3.1/lib/kitchen/instance.rb:130:in `converge'
E, [2016-07-20T00:31:52.512407 #8] ERROR -- Kitchen: /opt/chef/embedded/lib/ruby/gems/2.1.0/gems/test-kitchen-1.3.1/lib/kitchen/command.rb:176:in `public_send'
E, [2016-07-20T00:31:52.512435 #8] ERROR -- Kitchen: /opt/chef/embedded/lib/ruby/gems/2.1.0/gems/test-kitchen-1.3.1/lib/kitchen/command.rb:176:in `block (2 levels) in run_action'
E, [2016-07-20T00:31:52.512466 #8] ERROR -- Kitchen: ----------------------
I, [2016-07-20T00:39:57.600332 #6]  INFO -- Kitchen: -----> Starting Kitchen (v1.3.1)
I, [2016-07-20T00:39:57.653344 #6]  INFO -- Kitchen: -----> Creating <default-riyic>...
E, [2016-07-20T00:39:57.688710 #6] ERROR -- Kitchen: ------Exception-------
E, [2016-07-20T00:39:57.688977 #6] ERROR -- Kitchen: Class: Kitchen::ActionFailed
E, [2016-07-20T00:39:57.689143 #6] ERROR -- Kitchen: Message: Failed to complete #create action: [Expected process to exit with [0], but received '1'
---- Begin output of docker -H tcp://172.17.0.1:4243 build --no-cache - 2>/dev/null ----
STDOUT: 
STDERR: 
---- End output of docker -H tcp://172.17.0.1:4243 build --no-cache - 2>/dev/null ----
Ran docker -H tcp://172.17.0.1:4243 build --no-cache - 2>/dev/null returned 1]
E, [2016-07-20T00:39:57.689378 #6] ERROR -- Kitchen: ---Nested Exception---
E, [2016-07-20T00:39:57.689435 #6] ERROR -- Kitchen: Class: Kitchen::ShellOut::ShellCommandFailed
E, [2016-07-20T00:39:57.689480 #6] ERROR -- Kitchen: Message: Expected process to exit with [0], but received '1'
---- Begin output of docker -H tcp://172.17.0.1:4243 build --no-cache - 2>/dev/null ----
STDOUT: 
STDERR: 
---- End output of docker -H tcp://172.17.0.1:4243 build --no-cache - 2>/dev/null ----
Ran docker -H tcp://172.17.0.1:4243 build --no-cache - 2>/dev/null returned 1
E, [2016-07-20T00:39:57.689520 #6] ERROR -- Kitchen: ------Backtrace-------
E, [2016-07-20T00:39:57.689570 #6] ERROR -- Kitchen: /opt/chef/embedded/lib/ruby/gems/2.1.0/gems/test-kitchen-1.3.1/lib/kitchen/shell_out.rb:69:in `rescue in run_command'
E, [2016-07-20T00:39:57.689619 #6] ERROR -- Kitchen: /opt/chef/embedded/lib/ruby/gems/2.1.0/gems/test-kitchen-1.3.1/lib/kitchen/shell_out.rb:59:in `run_command'
E, [2016-07-20T00:39:57.689672 #6] ERROR -- Kitchen: /opt/chef/embedded/lib/ruby/gems/2.1.0/gems/test-kitchen-1.3.1/lib/kitchen/driver/base.rb:182:in `run_command'
E, [2016-07-20T00:39:57.689721 #6] ERROR -- Kitchen: /opt/chef/embedded/lib/ruby/gems/2.1.0/gems/kitchen-docker-1.6.4/lib/kitchen/driver/docker.rb:138:in `docker_command'
E, [2016-07-20T00:39:57.689767 #6] ERROR -- Kitchen: /opt/chef/embedded/lib/ruby/gems/2.1.0/gems/kitchen-docker-1.6.4/lib/kitchen/driver/docker.rb:221:in `build_image'
E, [2016-07-20T00:39:57.689821 #6] ERROR -- Kitchen: /opt/chef/embedded/lib/ruby/gems/2.1.0/gems/kitchen-docker-1.6.4/lib/kitchen/driver/docker.rb:93:in `create'
E, [2016-07-20T00:39:57.689865 #6] ERROR -- Kitchen: /opt/chef/embedded/lib/ruby/gems/2.1.0/gems/test-kitchen-1.3.1/lib/kitchen/instance.rb:352:in `public_send'
E, [2016-07-20T00:39:57.689934 #6] ERROR -- Kitchen: /opt/chef/embedded/lib/ruby/gems/2.1.0/gems/test-kitchen-1.3.1/lib/kitchen/instance.rb:352:in `block in perform_action'
E, [2016-07-20T00:39:57.689991 #6] ERROR -- Kitchen: /opt/chef/embedded/lib/ruby/gems/2.1.0/gems/test-kitchen-1.3.1/lib/kitchen/instance.rb:416:in `call'
E, [2016-07-20T00:39:57.690032 #6] ERROR -- Kitchen: /opt/chef/embedded/lib/ruby/gems/2.1.0/gems/test-kitchen-1.3.1/lib/kitchen/instance.rb:416:in `synchronize_or_call'
E, [2016-07-20T00:39:57.690081 #6] ERROR -- Kitchen: /opt/chef/embedded/lib/ruby/gems/2.1.0/gems/test-kitchen-1.3.1/lib/kitchen/instance.rb:381:in `block in action'
E, [2016-07-20T00:39:57.690155 #6] ERROR -- Kitchen: /opt/chef/embedded/lib/ruby/2.1.0/benchmark.rb:279:in `measure'
E, [2016-07-20T00:39:57.690196 #6] ERROR -- Kitchen: /opt/chef/embedded/lib/ruby/gems/2.1.0/gems/test-kitchen-1.3.1/lib/kitchen/instance.rb:380:in `action'
E, [2016-07-20T00:39:57.690241 #6] ERROR -- Kitchen: /opt/chef/embedded/lib/ruby/gems/2.1.0/gems/test-kitchen-1.3.1/lib/kitchen/instance.rb:352:in `perform_action'
E, [2016-07-20T00:39:57.690280 #6] ERROR -- Kitchen: /opt/chef/embedded/lib/ruby/gems/2.1.0/gems/test-kitchen-1.3.1/lib/kitchen/instance.rb:303:in `create_action'
E, [2016-07-20T00:39:57.690327 #6] ERROR -- Kitchen: /opt/chef/embedded/lib/ruby/gems/2.1.0/gems/test-kitchen-1.3.1/lib/kitchen/instance.rb:292:in `block in transition_to'
E, [2016-07-20T00:39:57.690368 #6] ERROR -- Kitchen: /opt/chef/embedded/lib/ruby/gems/2.1.0/gems/test-kitchen-1.3.1/lib/kitchen/instance.rb:291:in `each'
E, [2016-07-20T00:39:57.690416 #6] ERROR -- Kitchen: /opt/chef/embedded/lib/ruby/gems/2.1.0/gems/test-kitchen-1.3.1/lib/kitchen/instance.rb:291:in `transition_to'
E, [2016-07-20T00:39:57.690517 #6] ERROR -- Kitchen: /opt/chef/embedded/lib/ruby/gems/2.1.0/gems/test-kitchen-1.3.1/lib/kitchen/instance.rb:130:in `converge'
E, [2016-07-20T00:39:57.690574 #6] ERROR -- Kitchen: /opt/chef/embedded/lib/ruby/gems/2.1.0/gems/test-kitchen-1.3.1/lib/kitchen/command.rb:176:in `public_send'
E, [2016-07-20T00:39:57.690611 #6] ERROR -- Kitchen: /opt/chef/embedded/lib/ruby/gems/2.1.0/gems/test-kitchen-1.3.1/lib/kitchen/command.rb:176:in `block (2 levels) in run_action'
E, [2016-07-20T00:39:57.690668 #6] ERROR -- Kitchen: ----------------------
I, [2016-07-20T00:42:42.825382 #6]  INFO -- Kitchen: -----> Starting Kitchen (v1.3.1)
I, [2016-07-20T00:42:42.871629 #6]  INFO -- Kitchen: -----> Creating <default-riyic>...
I, [2016-07-20T00:43:13.149126 #6]  INFO -- Kitchen: -----> Converging <default-riyic>...
E, [2016-07-20T00:45:21.737893 #6] ERROR -- Kitchen: Converge failed on instance <default-riyic>.
I, [2016-07-20T00:52:18.217073 #6]  INFO -- Kitchen: -----> Starting Kitchen (v1.3.1)
I, [2016-07-20T00:52:18.273192 #6]  INFO -- Kitchen: -----> Converging <default-riyic>...
I, [2016-07-20T00:52:52.725355 #6]  INFO -- Kitchen: -----> Kitchen is finished. (0m34.51s)
I, [2016-07-20T00:53:19.671059 #6]  INFO -- Kitchen: -----> Starting Kitchen (v1.3.1)
I, [2016-07-20T00:53:19.714024 #6]  INFO -- Kitchen: -----> Destroying <default-riyic>...
I, [2016-07-20T00:53:20.639269 #6]  INFO -- Kitchen: -----> Kitchen is finished. (0m0.97s)
I, [2016-07-20T00:53:45.061005 #6]  INFO -- Kitchen: -----> Starting Kitchen (v1.3.1)
I, [2016-07-20T00:53:45.103780 #6]  INFO -- Kitchen: -----> Creating <default-riyic>...
I, [2016-07-20T00:54:11.262835 #6]  INFO -- Kitchen: -----> Converging <default-riyic>...
E, [2016-07-20T00:56:17.021521 #6] ERROR -- Kitchen: Converge failed on instance <default-riyic>.
E, [2016-07-20T01:04:37.544476 #8] ERROR -- Kitchen: ------Exception-------
E, [2016-07-20T01:04:37.544628 #8] ERROR -- Kitchen: Class: Kitchen::UserError
E, [2016-07-20T01:04:37.544715 #8] ERROR -- Kitchen: Message: Instance <package-riyic> has not yet been created
E, [2016-07-20T01:04:37.544780 #8] ERROR -- Kitchen: ------Backtrace-------
E, [2016-07-20T01:04:37.544820 #8] ERROR -- Kitchen: /opt/chef/embedded/lib/ruby/gems/2.1.0/gems/test-kitchen-1.3.1/lib/kitchen/instance.rb:201:in `login'
E, [2016-07-20T01:04:37.544857 #8] ERROR -- Kitchen: /opt/chef/embedded/lib/ruby/gems/2.1.0/gems/test-kitchen-1.3.1/lib/kitchen/command/login.rb:39:in `call'
E, [2016-07-20T01:04:37.544906 #8] ERROR -- Kitchen: /opt/chef/embedded/lib/ruby/gems/2.1.0/gems/test-kitchen-1.3.1/lib/kitchen/cli.rb:56:in `perform'
E, [2016-07-20T01:04:37.544944 #8] ERROR -- Kitchen: /opt/chef/embedded/lib/ruby/gems/2.1.0/gems/test-kitchen-1.3.1/lib/kitchen/cli.rb:218:in `login'
E, [2016-07-20T01:04:37.544978 #8] ERROR -- Kitchen: /opt/chef/embedded/lib/ruby/gems/2.1.0/gems/thor-0.19.1/lib/thor/command.rb:27:in `run'
E, [2016-07-20T01:04:37.545013 #8] ERROR -- Kitchen: /opt/chef/embedded/lib/ruby/gems/2.1.0/gems/thor-0.19.1/lib/thor/invocation.rb:126:in `invoke_command'
E, [2016-07-20T01:04:37.545048 #8] ERROR -- Kitchen: /opt/chef/embedded/lib/ruby/gems/2.1.0/gems/test-kitchen-1.3.1/lib/kitchen/cli.rb:304:in `invoke_task'
E, [2016-07-20T01:04:37.545169 #8] ERROR -- Kitchen: /opt/chef/embedded/lib/ruby/gems/2.1.0/gems/thor-0.19.1/lib/thor.rb:359:in `dispatch'
E, [2016-07-20T01:04:37.545206 #8] ERROR -- Kitchen: /opt/chef/embedded/lib/ruby/gems/2.1.0/gems/thor-0.19.1/lib/thor/base.rb:440:in `start'
E, [2016-07-20T01:04:37.545240 #8] ERROR -- Kitchen: /opt/chef/embedded/lib/ruby/gems/2.1.0/gems/test-kitchen-1.3.1/bin/kitchen:13:in `block in <top (required)>'
E, [2016-07-20T01:04:37.545275 #8] ERROR -- Kitchen: /opt/chef/embedded/lib/ruby/gems/2.1.0/gems/test-kitchen-1.3.1/lib/kitchen/errors.rb:154:in `with_friendly_errors'
E, [2016-07-20T01:04:37.545309 #8] ERROR -- Kitchen: /opt/chef/embedded/lib/ruby/gems/2.1.0/gems/test-kitchen-1.3.1/bin/kitchen:13:in `<top (required)>'
E, [2016-07-20T01:04:37.545343 #8] ERROR -- Kitchen: /bin/kitchen:23:in `load'
E, [2016-07-20T01:04:37.545376 #8] ERROR -- Kitchen: /bin/kitchen:23:in `<main>'
E, [2016-07-20T01:04:37.545409 #8] ERROR -- Kitchen: ----------------------
I, [2016-07-20T01:04:57.049281 #6]  INFO -- Kitchen: -----> Starting Kitchen (v1.3.1)
I, [2016-07-20T01:04:57.103276 #6]  INFO -- Kitchen: -----> Creating <package-riyic>...
I, [2016-07-20T01:05:24.405721 #6]  INFO -- Kitchen: -----> Converging <package-riyic>...
I, [2016-07-20T01:06:16.154420 #6]  INFO -- Kitchen: -----> Kitchen is finished. (1m19.10s)
I, [2016-07-20T01:09:24.471900 #8]  INFO -- Kitchen: -----> Starting Kitchen (v1.3.1)
I, [2016-07-20T01:09:24.521195 #8]  INFO -- Kitchen: -----> Converging <package-riyic>...
I, [2016-07-20T01:09:37.420248 #8]  INFO -- Kitchen: -----> Kitchen is finished. (0m12.95s)
I, [2016-07-20T01:10:01.600781 #6]  INFO -- Kitchen: -----> Starting Kitchen (v1.3.1)
I, [2016-07-20T01:10:01.648812 #6]  INFO -- Kitchen: -----> Destroying <package-riyic>...
I, [2016-07-20T01:10:02.509128 #6]  INFO -- Kitchen: -----> Kitchen is finished. (0m0.91s)
I, [2016-07-20T01:10:08.313299 #7]  INFO -- Kitchen: -----> Starting Kitchen (v1.3.1)
I, [2016-07-20T01:10:08.361301 #7]  INFO -- Kitchen: -----> Creating <package-riyic>...
I, [2016-07-20T01:10:40.629239 #7]  INFO -- Kitchen: -----> Converging <package-riyic>...
I, [2016-07-20T01:11:29.902463 #7]  INFO -- Kitchen: -----> Kitchen is finished. (1m21.59s)
I, [2016-07-20T01:13:01.645349 #9]  INFO -- Kitchen: -----> Starting Kitchen (v1.3.1)
I, [2016-07-20T01:13:01.695166 #9]  INFO -- Kitchen: -----> Destroying <package-riyic>...
I, [2016-07-20T01:13:02.536655 #9]  INFO -- Kitchen: -----> Kitchen is finished. (0m0.89s)
I, [2016-07-20T01:13:07.677300 #6]  INFO -- Kitchen: -----> Starting Kitchen (v1.3.1)
I, [2016-07-20T01:13:07.726728 #6]  INFO -- Kitchen: -----> Destroying <default-riyic>...
I, [2016-07-20T01:13:08.641760 #6]  INFO -- Kitchen: -----> Kitchen is finished. (0m0.96s)
